<?xml version="1.0" encoding="UTF-8"?>
<!-- Generated by org.testng.reporters.JUnitReportReporter -->
<testsuite hostname="01HW247159" name="com.TestSuite.Customer180.MyDesk_C1_009" tests="1" failures="0" timestamp="25 Oct 2016 11:04:14 GMT" time="84.246" errors="0">
  <testcase name="MyDesk_C1_009_Method" time="84.246" classname="com.TestSuite.Customer180.MyDesk_C1_009"/>
</testsuite> <!-- com.TestSuite.Customer180.MyDesk_C1_009 -->
