<?xml version="1.0" encoding="UTF-8"?>
<!-- Generated by org.testng.reporters.JUnitReportReporter -->
<testsuite hostname="01HW198525" name="com.TestSuite.BVT.MyDesk_MS_001" tests="1" failures="0" timestamp="7 Mar 2017 12:06:45 GMT" time="123.966" errors="0">
  <testcase name="MyDesk_MS_001_Method" time="123.966" classname="com.TestSuite.BVT.MyDesk_MS_001"/>
</testsuite> <!-- com.TestSuite.BVT.MyDesk_MS_001 -->
