<?xml version="1.0" encoding="UTF-8"?>
<!-- Generated by org.testng.reporters.JUnitReportReporter -->
<testsuite hostname="01HW198525" name="com.TestSuite.CustomerSearch.MyDesk_CS_008" tests="2" failures="0" timestamp="8 Mar 2017 08:44:39 GMT" time="188.730" errors="0">
  <testcase name="MyDesk_CS_008_Method" time="92.909" classname="com.TestSuite.CustomerSearch.MyDesk_CS_008"/>
  <testcase name="MyDesk_CS_008_Method" time="95.821" classname="com.TestSuite.CustomerSearch.MyDesk_CS_008"/>
</testsuite> <!-- com.TestSuite.CustomerSearch.MyDesk_CS_008 -->
