<?xml version="1.0" encoding="UTF-8"?>
<!-- Generated by org.testng.reporters.JUnitReportReporter -->
<testsuite hostname="01HW198525" name="com.TestSuite.CustomerSearch.MyDesk_CS_010" tests="3" failures="3" timestamp="9 Mar 2017 12:50:47 GMT" time="234.955" errors="0">
  <testcase name="MyDesk_CS_010_Method" time="85.264" classname="com.TestSuite.CustomerSearch.MyDesk_CS_010">
    <failure type="java.lang.AssertionError" message="null script failed, Additional Question 1 been Checked - null.jpg for more details.">
      <![CDATA[java.lang.AssertionError: null script failed, Additional Question 1 been Checked - null.jpg for more details.
	at org.testng.Assert.fail(Assert.java:94)
	at com.Engine.Reporter.exception(Reporter.java:107)
	at com.WebActions.WebActions.VerifyElementPresentAndClick(WebActions.java:904)
	at com.BusinessModules.MyDesk.VerifyCaller_Page.select_NumberOf_Required_Additional_Question_CheckBox(VerifyCaller_Page.java:620)
	at com.TestSuite.CustomerSearch.MyDesk_CS_010.MyDesk_CS_010_Method(MyDesk_CS_010.java:160)
	at sun.reflect.NativeMethodAccessorImpl.invoke0(Native Method)
	at sun.reflect.NativeMethodAccessorImpl.invoke(Unknown Source)
	at sun.reflect.DelegatingMethodAccessorImpl.invoke(Unknown Source)
	at java.lang.reflect.Method.invoke(Unknown Source)
	at org.testng.internal.MethodInvocationHelper.invokeMethod(MethodInvocationHelper.java:85)
	at org.testng.internal.Invoker.invokeMethod(Invoker.java:639)
	at org.testng.internal.Invoker.retryFailed(Invoker.java:963)
	at org.testng.internal.Invoker.invokeTestMethods(Invoker.java:1142)
	at org.testng.internal.TestMethodWorker.invokeTestMethods(TestMethodWorker.java:125)
	at org.testng.internal.TestMethodWorker.run(TestMethodWorker.java:108)
	at java.util.concurrent.ThreadPoolExecutor.runWorker(Unknown Source)
	at java.util.concurrent.ThreadPoolExecutor$Worker.run(Unknown Source)
	at java.lang.Thread.run(Unknown Source)
]]>
    </failure>
  </testcase> <!-- MyDesk_CS_010_Method -->
  <testcase name="MyDesk_CS_010_Method" time="73.792" classname="com.TestSuite.CustomerSearch.MyDesk_CS_010">
    <failure type="java.lang.AssertionError" message="null script failed, Additional Question:1 - null.jpg for more details.">
      <![CDATA[java.lang.AssertionError: null script failed, Additional Question:1 - null.jpg for more details.
	at org.testng.Assert.fail(Assert.java:94)
	at com.Engine.Reporter.exception(Reporter.java:107)
	at com.WebActions.WebActions.VerifyElementPresentAndGetCheckBoxEnableDisableStatus(WebActions.java:139)
	at com.BusinessModules.MyDesk.VerifyCaller_Page.select_NumberOf_Required_Additional_Question_CheckBox(VerifyCaller_Page.java:613)
	at com.TestSuite.CustomerSearch.MyDesk_CS_010.MyDesk_CS_010_Method(MyDesk_CS_010.java:160)
	at sun.reflect.NativeMethodAccessorImpl.invoke0(Native Method)
	at sun.reflect.NativeMethodAccessorImpl.invoke(Unknown Source)
	at sun.reflect.DelegatingMethodAccessorImpl.invoke(Unknown Source)
	at java.lang.reflect.Method.invoke(Unknown Source)
	at org.testng.internal.MethodInvocationHelper.invokeMethod(MethodInvocationHelper.java:85)
	at org.testng.internal.Invoker.invokeMethod(Invoker.java:639)
	at org.testng.internal.Invoker.retryFailed(Invoker.java:963)
	at org.testng.internal.Invoker.invokeTestMethods(Invoker.java:1142)
	at org.testng.internal.TestMethodWorker.invokeTestMethods(TestMethodWorker.java:125)
	at org.testng.internal.TestMethodWorker.run(TestMethodWorker.java:108)
	at java.util.concurrent.ThreadPoolExecutor.runWorker(Unknown Source)
	at java.util.concurrent.ThreadPoolExecutor$Worker.run(Unknown Source)
	at java.lang.Thread.run(Unknown Source)
]]>
    </failure>
  </testcase> <!-- MyDesk_CS_010_Method -->
  <testcase name="MyDesk_CS_010_Method" time="75.899" classname="com.TestSuite.CustomerSearch.MyDesk_CS_010">
    <failure type="java.lang.AssertionError" message="null script failed, Additional Question:1 - null.jpg for more details.">
      <![CDATA[java.lang.AssertionError: null script failed, Additional Question:1 - null.jpg for more details.
	at org.testng.Assert.fail(Assert.java:94)
	at com.Engine.Reporter.exception(Reporter.java:107)
	at com.WebActions.WebActions.VerifyElementPresentAndGetCheckBoxEnableDisableStatus(WebActions.java:139)
	at com.BusinessModules.MyDesk.VerifyCaller_Page.select_NumberOf_Required_Additional_Question_CheckBox(VerifyCaller_Page.java:613)
	at com.TestSuite.CustomerSearch.MyDesk_CS_010.MyDesk_CS_010_Method(MyDesk_CS_010.java:160)
	at sun.reflect.NativeMethodAccessorImpl.invoke0(Native Method)
	at sun.reflect.NativeMethodAccessorImpl.invoke(Unknown Source)
	at sun.reflect.DelegatingMethodAccessorImpl.invoke(Unknown Source)
	at java.lang.reflect.Method.invoke(Unknown Source)
	at org.testng.internal.MethodInvocationHelper.invokeMethod(MethodInvocationHelper.java:85)
	at org.testng.internal.Invoker.invokeMethod(Invoker.java:639)
	at org.testng.internal.Invoker.invokeTestMethod(Invoker.java:816)
	at org.testng.internal.Invoker.invokeTestMethods(Invoker.java:1124)
	at org.testng.internal.TestMethodWorker.invokeTestMethods(TestMethodWorker.java:125)
	at org.testng.internal.TestMethodWorker.run(TestMethodWorker.java:108)
	at java.util.concurrent.ThreadPoolExecutor.runWorker(Unknown Source)
	at java.util.concurrent.ThreadPoolExecutor$Worker.run(Unknown Source)
	at java.lang.Thread.run(Unknown Source)
]]>
    </failure>
  </testcase> <!-- MyDesk_CS_010_Method -->
</testsuite> <!-- com.TestSuite.CustomerSearch.MyDesk_CS_010 -->
