<?xml version="1.0" encoding="UTF-8"?>
<!-- Generated by org.testng.reporters.JUnitReportReporter -->
<testsuite hostname="01HW247159" name="com.TestSuite.Customer180.MyDesk_C1_004" tests="1" failures="0" timestamp="25 Oct 2016 10:42:37 GMT" time="90.457" errors="0">
  <testcase name="MyDesk_C1_004_Method" time="90.457" classname="com.TestSuite.Customer180.MyDesk_C1_004"/>
</testsuite> <!-- com.TestSuite.Customer180.MyDesk_C1_004 -->
