<?xml version="1.0" encoding="UTF-8"?>
<!-- Generated by org.testng.reporters.JUnitReportReporter -->
<testsuite hostname="01HW198525" name="com.TestSuite.CustomerSearch.MyDesk_CS_007" tests="1" failures="1" timestamp="8 Mar 2017 08:44:39 GMT" time="86.312" errors="0">
  <testcase name="MyDesk_CS_007_Method" time="86.312" classname="com.TestSuite.CustomerSearch.MyDesk_CS_007">
    <failure type="java.lang.AssertionError" message="null script failed, Exit_Interation_Comments - null.jpg for more details.">
      <![CDATA[java.lang.AssertionError: null script failed, Exit_Interation_Comments - null.jpg for more details.
	at org.testng.Assert.fail(Assert.java:94)
	at com.Engine.Reporter.exception(Reporter.java:107)
	at com.WebActions.WebActions.VerifyElementPresentAndClearType(WebActions.java:405)
	at com.BusinessModules.MyDesk.Common_Functions.enter_Exit_interaction_Comments(Common_Functions.java:370)
	at com.TestSuite.CustomerSearch.MyDesk_CS_007.MyDesk_CS_007_Method(MyDesk_CS_007.java:108)
	at sun.reflect.NativeMethodAccessorImpl.invoke0(Native Method)
	at sun.reflect.NativeMethodAccessorImpl.invoke(Unknown Source)
	at sun.reflect.DelegatingMethodAccessorImpl.invoke(Unknown Source)
	at java.lang.reflect.Method.invoke(Unknown Source)
	at org.testng.internal.MethodInvocationHelper.invokeMethod(MethodInvocationHelper.java:85)
	at org.testng.internal.Invoker.invokeMethod(Invoker.java:639)
	at org.testng.internal.Invoker.invokeTestMethod(Invoker.java:816)
	at org.testng.internal.Invoker.invokeTestMethods(Invoker.java:1124)
	at org.testng.internal.TestMethodWorker.invokeTestMethods(TestMethodWorker.java:125)
	at org.testng.internal.TestMethodWorker.run(TestMethodWorker.java:108)
	at java.util.concurrent.ThreadPoolExecutor.runWorker(Unknown Source)
	at java.util.concurrent.ThreadPoolExecutor$Worker.run(Unknown Source)
	at java.lang.Thread.run(Unknown Source)
]]>
    </failure>
  </testcase> <!-- MyDesk_CS_007_Method -->
</testsuite> <!-- com.TestSuite.CustomerSearch.MyDesk_CS_007 -->
