<?xml version="1.0" encoding="UTF-8"?>
<!-- Generated by org.testng.reporters.JUnitReportReporter -->
<testsuite hostname="01HW198525" name="com.TestSuite.CustomerSearch.MyDesk_CS_004" tests="1" failures="0" timestamp="8 Mar 2017 08:44:39 GMT" time="95.838" errors="0">
  <testcase name="MyDesk_CS_004_Method" time="95.838" classname="com.TestSuite.CustomerSearch.MyDesk_CS_004"/>
</testsuite> <!-- com.TestSuite.CustomerSearch.MyDesk_CS_004 -->
