<?xml version="1.0" encoding="UTF-8"?>
<!-- Generated by org.testng.reporters.JUnitReportReporter -->
<testsuite hostname="01HW198525" name="com.TestSuite.CustomerSearch.MyDesk_CS_011" tests="1" failures="0" timestamp="8 Mar 2017 08:44:39 GMT" time="99.100" errors="0">
  <testcase name="MyDesk_CS_011_Method" time="99.100" classname="com.TestSuite.CustomerSearch.MyDesk_CS_011"/>
</testsuite> <!-- com.TestSuite.CustomerSearch.MyDesk_CS_011 -->
