<?xml version="1.0" encoding="UTF-8"?>
<!-- Generated by org.testng.reporters.JUnitReportReporter -->
<testsuite hostname="01HW247159" name="com.TestSuite.CustomerSearch.MyDesk_CS_023" tests="3" failures="0" timestamp="25 Oct 2016 07:54:21 GMT" time="140.048" errors="3">
  <testcase name="MyDesk_CS_022_Method" time="52.877" classname="com.TestSuite.CustomerSearch.MyDesk_CS_023">
    <error type="java.lang.AssertionError" message="null script failed, Submit - null.jpg for more details.">
      <![CDATA[java.lang.AssertionError: null script failed, Submit - null.jpg for more details.
	at org.testng.Assert.fail(Assert.java:94)
	at com.Engine.Reporter.exception(Reporter.java:107)
	at com.WebActions.WebActions.VerifyElementPresentAndClick(WebActions.java:874)
	at com.BusinessModules.MyDesk.VerifyCaller_Page.click_on_Submit(VerifyCaller_Page.java:408)
	at com.TestSuite.CustomerSearch.MyDesk_CS_023.MyDesk_CS_022_Method(MyDesk_CS_023.java:126)
	at sun.reflect.NativeMethodAccessorImpl.invoke0(Native Method)
	at sun.reflect.NativeMethodAccessorImpl.invoke(Unknown Source)
	at sun.reflect.DelegatingMethodAccessorImpl.invoke(Unknown Source)
	at java.lang.reflect.Method.invoke(Unknown Source)
	at org.testng.internal.MethodInvocationHelper.invokeMethod(MethodInvocationHelper.java:80)
	at org.testng.internal.Invoker.invokeMethod(Invoker.java:714)
	at org.testng.internal.Invoker.retryFailed(Invoker.java:1049)
	at org.testng.internal.Invoker.invokeTestMethods(Invoker.java:1254)
	at org.testng.internal.TestMethodWorker.invokeTestMethods(TestMethodWorker.java:127)
	at org.testng.internal.TestMethodWorker.run(TestMethodWorker.java:111)
	at java.util.concurrent.ThreadPoolExecutor.runWorker(Unknown Source)
	at java.util.concurrent.ThreadPoolExecutor$Worker.run(Unknown Source)
	at java.lang.Thread.run(Unknown Source)
]]>
    </error>
  </testcase> <!-- MyDesk_CS_022_Method -->
  <testcase name="MyDesk_CS_022_Method" time="62.328" classname="com.TestSuite.CustomerSearch.MyDesk_CS_023">
    <error type="java.lang.AssertionError" message="null script failed, Submit - null.jpg for more details.">
      <![CDATA[java.lang.AssertionError: null script failed, Submit - null.jpg for more details.
	at org.testng.Assert.fail(Assert.java:94)
	at com.Engine.Reporter.exception(Reporter.java:107)
	at com.WebActions.WebActions.VerifyElementPresentAndClick(WebActions.java:874)
	at com.BusinessModules.MyDesk.VerifyCaller_Page.click_on_Submit(VerifyCaller_Page.java:408)
	at com.TestSuite.CustomerSearch.MyDesk_CS_023.MyDesk_CS_022_Method(MyDesk_CS_023.java:126)
	at sun.reflect.NativeMethodAccessorImpl.invoke0(Native Method)
	at sun.reflect.NativeMethodAccessorImpl.invoke(Unknown Source)
	at sun.reflect.DelegatingMethodAccessorImpl.invoke(Unknown Source)
	at java.lang.reflect.Method.invoke(Unknown Source)
	at org.testng.internal.MethodInvocationHelper.invokeMethod(MethodInvocationHelper.java:80)
	at org.testng.internal.Invoker.invokeMethod(Invoker.java:714)
	at org.testng.internal.Invoker.invokeTestMethod(Invoker.java:901)
	at org.testng.internal.Invoker.invokeTestMethods(Invoker.java:1231)
	at org.testng.internal.TestMethodWorker.invokeTestMethods(TestMethodWorker.java:127)
	at org.testng.internal.TestMethodWorker.run(TestMethodWorker.java:111)
	at java.util.concurrent.ThreadPoolExecutor.runWorker(Unknown Source)
	at java.util.concurrent.ThreadPoolExecutor$Worker.run(Unknown Source)
	at java.lang.Thread.run(Unknown Source)
]]>
    </error>
  </testcase> <!-- MyDesk_CS_022_Method -->
  <testcase name="MyDesk_CS_022_Method" time="24.843" classname="com.TestSuite.CustomerSearch.MyDesk_CS_023">
    <error type="java.lang.AssertionError" message="MyDesk_CS_023_0 script failed, switchToFrame() function - MyDesk_CS_023_0.jpg for more details.">
      <![CDATA[java.lang.AssertionError: MyDesk_CS_023_0 script failed, switchToFrame() function - MyDesk_CS_023_0.jpg for more details.
	at org.testng.Assert.fail(Assert.java:94)
	at com.Engine.Reporter.exception(Reporter.java:107)
	at com.Engine.Reporter.fnReportFailAndTerminateTest(Reporter.java:91)
	at com.BusinessModules.MyDesk.Common_Functions.switchToFrame(Common_Functions.java:148)
	at com.TestSuite.CustomerSearch.MyDesk_CS_023.MyDesk_CS_022_Method(MyDesk_CS_023.java:99)
	at sun.reflect.NativeMethodAccessorImpl.invoke0(Native Method)
	at sun.reflect.NativeMethodAccessorImpl.invoke(Unknown Source)
	at sun.reflect.DelegatingMethodAccessorImpl.invoke(Unknown Source)
	at java.lang.reflect.Method.invoke(Unknown Source)
	at org.testng.internal.MethodInvocationHelper.invokeMethod(MethodInvocationHelper.java:80)
	at org.testng.internal.Invoker.invokeMethod(Invoker.java:714)
	at org.testng.internal.Invoker.retryFailed(Invoker.java:1049)
	at org.testng.internal.Invoker.invokeTestMethods(Invoker.java:1254)
	at org.testng.internal.TestMethodWorker.invokeTestMethods(TestMethodWorker.java:127)
	at org.testng.internal.TestMethodWorker.run(TestMethodWorker.java:111)
	at java.util.concurrent.ThreadPoolExecutor.runWorker(Unknown Source)
	at java.util.concurrent.ThreadPoolExecutor$Worker.run(Unknown Source)
	at java.lang.Thread.run(Unknown Source)
]]>
    </error>
  </testcase> <!-- MyDesk_CS_022_Method -->
</testsuite> <!-- com.TestSuite.CustomerSearch.MyDesk_CS_023 -->
