<?xml version="1.0" encoding="UTF-8"?>
<!-- Generated by org.testng.reporters.JUnitReportReporter -->
<testsuite hostname="01HW198525" name="com.TestSuite.Customer180.MyDesk_C1_014" tests="1" failures="0" timestamp="9 Mar 2017 12:50:47 GMT" time="250.695" errors="0">
  <testcase name="MyDesk_C1_014_Method" time="250.695" classname="com.TestSuite.Customer180.MyDesk_C1_014"/>
</testsuite> <!-- com.TestSuite.Customer180.MyDesk_C1_014 -->
