<?xml version="1.0" encoding="UTF-8"?>
<!-- Generated by org.testng.reporters.JUnitReportReporter -->
<testsuite hostname="01HW247159" name="com.TestSuite.Customer180.MyDesk_C1_012" tests="1" failures="0" timestamp="3 Nov 2016 10:50:23 GMT" time="48.871" errors="1">
  <testcase name="MyDesk_C1_012_Method" time="48.871" classname="com.TestSuite.Customer180.MyDesk_C1_012">
    <error type="java.lang.AssertionError" message="MyDesk_C1_012_0 script failed, Verify Caller Page is not Loaded - MyDesk_C1_012_0.jpg for more details.">
      <![CDATA[java.lang.AssertionError: MyDesk_C1_012_0 script failed, Verify Caller Page is not Loaded - MyDesk_C1_012_0.jpg for more details.
	at org.testng.Assert.fail(Assert.java:94)
	at com.Engine.Reporter.exception(Reporter.java:107)
	at com.Engine.Reporter.fnReportFailAndTerminateTest(Reporter.java:91)
	at com.BusinessModules.MyDesk.VerifyCaller_Page.wait_for_Verify_Caller_Page_to_load(VerifyCaller_Page.java:51)
	at com.TestSuite.Customer180.MyDesk_C1_012.MyDesk_C1_012_Method(MyDesk_C1_012.java:113)
	at sun.reflect.NativeMethodAccessorImpl.invoke0(Native Method)
	at sun.reflect.NativeMethodAccessorImpl.invoke(Unknown Source)
	at sun.reflect.DelegatingMethodAccessorImpl.invoke(Unknown Source)
	at java.lang.reflect.Method.invoke(Unknown Source)
	at org.testng.internal.MethodInvocationHelper.invokeMethod(MethodInvocationHelper.java:80)
	at org.testng.internal.Invoker.invokeMethod(Invoker.java:714)
	at org.testng.internal.Invoker.invokeTestMethod(Invoker.java:901)
	at org.testng.internal.Invoker.invokeTestMethods(Invoker.java:1231)
	at org.testng.internal.TestMethodWorker.invokeTestMethods(TestMethodWorker.java:127)
	at org.testng.internal.TestMethodWorker.run(TestMethodWorker.java:111)
	at java.util.concurrent.ThreadPoolExecutor.runWorker(Unknown Source)
	at java.util.concurrent.ThreadPoolExecutor$Worker.run(Unknown Source)
	at java.lang.Thread.run(Unknown Source)
]]>
    </error>
  </testcase> <!-- MyDesk_C1_012_Method -->
</testsuite> <!-- com.TestSuite.Customer180.MyDesk_C1_012 -->
