<?xml version="1.0" encoding="UTF-8"?>
<!-- Generated by org.testng.reporters.JUnitReportReporter -->
<testsuite hostname="01HW198525" name="com.TestSuite.CustomerSearch.MyDesk_CS_002" tests="1" failures="0" timestamp="8 Mar 2017 08:44:39 GMT" time="94.706" errors="0">
  <testcase name="MyDesk_CS_002_Method" time="94.706" classname="com.TestSuite.CustomerSearch.MyDesk_CS_002"/>
</testsuite> <!-- com.TestSuite.CustomerSearch.MyDesk_CS_002 -->
