<?xml version="1.0" encoding="UTF-8"?>
<!-- Generated by org.testng.reporters.JUnitReportReporter -->
<testsuite hostname="01HW198525" name="com.TestSuite.CustomerSearch.MyDesk_CS_003" tests="1" failures="0" timestamp="8 Mar 2017 08:44:39 GMT" time="87.046" errors="0">
  <testcase name="MyDesk_CS_003_Method" time="87.046" classname="com.TestSuite.CustomerSearch.MyDesk_CS_003"/>
</testsuite> <!-- com.TestSuite.CustomerSearch.MyDesk_CS_003 -->
