<?xml version="1.0" encoding="UTF-8"?>
<!-- Generated by org.testng.reporters.JUnitReportReporter -->
<testsuite hostname="01HW247159" name="com.TestSuite.CustomerSearch.MyDesk_CS_010" tests="1" failures="0" timestamp="21 Oct 2016 18:59:08 GMT" time="105.644" errors="0">
  <testcase name="MyDesk_CS_010_Method" time="105.644" classname="com.TestSuite.CustomerSearch.MyDesk_CS_010"/>
</testsuite> <!-- com.TestSuite.CustomerSearch.MyDesk_CS_010 -->
